Determining if the pthread_create exist failed with the following output:
Change Dir: /home/wr/SLAM_STUDY/RGB-D/PART2/CODE/build/CMakeFiles/CMakeTmp

Run Build Command:"/usr/bin/make" "cmTC_569f0/fast"
/usr/bin/make -f CMakeFiles/cmTC_569f0.dir/build.make CMakeFiles/cmTC_569f0.dir/build
make[1]: Entering directory '/home/wr/SLAM_STUDY/RGB-D/PART2/CODE/build/CMakeFiles/CMakeTmp'
Building C object CMakeFiles/cmTC_569f0.dir/CheckSymbolExists.c.o
/usr/bin/cc     -o CMakeFiles/cmTC_569f0.dir/CheckSymbolExists.c.o   -c /home/wr/SLAM_STUDY/RGB-D/PART2/CODE/build/CMakeFiles/CMakeTmp/CheckSymbolExists.c
Linking C executable cmTC_569f0
/usr/bin/cmake -E cmake_link_script CMakeFiles/cmTC_569f0.dir/link.txt --verbose=1
/usr/bin/cc       CMakeFiles/cmTC_569f0.dir/CheckSymbolExists.c.o  -o cmTC_569f0 -rdynamic 
CMakeFiles/cmTC_569f0.dir/CheckSymbolExists.c.o：在函数‘main’中：
CheckSymbolExists.c:(.text+0x16)：对‘pthread_create’未定义的引用
collect2: error: ld returned 1 exit status
CMakeFiles/cmTC_569f0.dir/build.make:97: recipe for target 'cmTC_569f0' failed
make[1]: *** [cmTC_569f0] Error 1
make[1]: Leaving directory '/home/wr/SLAM_STUDY/RGB-D/PART2/CODE/build/CMakeFiles/CMakeTmp'
Makefile:126: recipe for target 'cmTC_569f0/fast' failed
make: *** [cmTC_569f0/fast] Error 2

File /home/wr/SLAM_STUDY/RGB-D/PART2/CODE/build/CMakeFiles/CMakeTmp/CheckSymbolExists.c:
/* */
#include <pthread.h>

int main(int argc, char** argv)
{
  (void)argv;
#ifndef pthread_create
  return ((int*)(&pthread_create))[argc];
#else
  (void)argc;
  return 0;
#endif
}

Determining if the function pthread_create exists in the pthreads failed with the following output:
Change Dir: /home/wr/SLAM_STUDY/RGB-D/PART2/CODE/build/CMakeFiles/CMakeTmp

Run Build Command:"/usr/bin/make" "cmTC_02040/fast"
/usr/bin/make -f CMakeFiles/cmTC_02040.dir/build.make CMakeFiles/cmTC_02040.dir/build
make[1]: Entering directory '/home/wr/SLAM_STUDY/RGB-D/PART2/CODE/build/CMakeFiles/CMakeTmp'
Building C object CMakeFiles/cmTC_02040.dir/CheckFunctionExists.c.o
/usr/bin/cc    -DCHECK_FUNCTION_EXISTS=pthread_create   -o CMakeFiles/cmTC_02040.dir/CheckFunctionExists.c.o   -c /usr/share/cmake-3.5/Modules/CheckFunctionExists.c
Linking C executable cmTC_02040
/usr/bin/cmake -E cmake_link_script CMakeFiles/cmTC_02040.dir/link.txt --verbose=1
/usr/bin/cc   -DCHECK_FUNCTION_EXISTS=pthread_create    CMakeFiles/cmTC_02040.dir/CheckFunctionExists.c.o  -o cmTC_02040 -rdynamic -lpthreads 
/usr/bin/ld: 找不到 -lpthreads
collect2: error: ld returned 1 exit status
CMakeFiles/cmTC_02040.dir/build.make:97: recipe for target 'cmTC_02040' failed
make[1]: *** [cmTC_02040] Error 1
make[1]: Leaving directory '/home/wr/SLAM_STUDY/RGB-D/PART2/CODE/build/CMakeFiles/CMakeTmp'
Makefile:126: recipe for target 'cmTC_02040/fast' failed
make: *** [cmTC_02040/fast] Error 2


